<?xml version="1.0" encoding="UTF-8"?>
<testsuite xmlns:xsi="http://www.w3.org/2001/XMLSchema-instance" xsi:noNamespaceSchemaLocation="https://maven.apache.org/surefire/maven-surefire-plugin/xsd/surefire-test-report-3.0.xsd" version="3.0" name="com.primes.PrintPrimesTest" time="0.196" tests="34" errors="0" skipped="0" failures="0">
  <properties>
[...]
</properties>
  <testcase name="testIsPrime_node_coverage_for_2" classname="com.primes.PrintPrimesTest" time="0.033"/>
  <testcase name="testIsPrime_node_coverage_for_4" classname="com.primes.PrintPrimesTest" time="0.006"/>
  <testcase name="testIsPrime_node_coverage_for_9" classname="com.primes.PrintPrimesTest" time="0.001"/>
  <testcase name="testEdgePairCoverage_complete" classname="com.primes.PrintPrimesTest" time="0.003">
    <system-out><![CDATA[Prime numbers up to 1 are:

Prime numbers up to 2 are:
2 
Prime numbers up to 4 are:
2 3 
Prime numbers up to 5 are:
2 3 5 
Prime numbers up to 9 are:
2 3 5 7 
]]></system-out>
  </testcase>
  <testcase name="testPrimeN_output(int, String)[1]" classname="com.primes.PrintPrimesTest" time="0.019"/>
  <testcase name="testPrimeN_output(int, String)[2]" classname="com.primes.PrintPrimesTest" time="0.001"/>
  <testcase name="testPrimeN_output(int, String)[3]" classname="com.primes.PrintPrimesTest" time="0.002"/>
  <testcase name="testPrimeN_output(int, String)[4]" classname="com.primes.PrintPrimesTest" time="0.001"/>
  <testcase name="testPrimeN_output(int, String)[5]" classname="com.primes.PrintPrimesTest" time="0.001"/>
  <testcase name="testPrimeN_output(int, String)[6]" classname="com.primes.PrintPrimesTest" time="0.001"/>
  <testcase name="testPrimeN_output(int, String)[7]" classname="com.primes.PrintPrimesTest" time="0.002"/>
  <testcase name="testPath_TP1_N1" classname="com.primes.PrintPrimesTest" time="0.003">
    <system-out><![CDATA[Prime numbers up to 1 are:

]]></system-out>
  </testcase>
  <testcase name="testPath_TP2_N4" classname="com.primes.PrintPrimesTest" time="0.001">
    <system-out><![CDATA[Prime numbers up to 4 are:
2 3 
]]></system-out>
  </testcase>
  <testcase name="testPath_TP3_N9" classname="com.primes.PrintPrimesTest" time="0.001">
    <system-out><![CDATA[Prime numbers up to 9 are:
2 3 5 7 
]]></system-out>
  </testcase>
  <testcase name="testPath_TP4_N2" classname="com.primes.PrintPrimesTest" time="0.001">
    <system-out><![CDATA[Prime numbers up to 2 are:
2 
]]></system-out>
  </testcase>
  <testcase name="testPath_TP5_N5" classname="com.primes.PrintPrimesTest" time="0.001">
    <system-out><![CDATA[Prime numbers up to 5 are:
2 3 5 
]]></system-out>
  </testcase>
  <testcase name="testIsPrime_correctness(int, boolean)[1]" classname="com.primes.PrintPrimesTest" time="0.004"/>
  <testcase name="testIsPrime_correctness(int, boolean)[2]" classname="com.primes.PrintPrimesTest" time="0.001"/>
  <testcase name="testIsPrime_correctness(int, boolean)[3]" classname="com.primes.PrintPrimesTest" time="0.002"/>
  <testcase name="testIsPrime_correctness(int, boolean)[4]" classname="com.primes.PrintPrimesTest" time="0.001"/>
  <testcase name="testIsPrime_correctness(int, boolean)[5]" classname="com.primes.PrintPrimesTest" time="0.001"/>
  <testcase name="testIsPrime_correctness(int, boolean)[6]" classname="com.primes.PrintPrimesTest" time="0.001"/>
  <testcase name="testIsPrime_correctness(int, boolean)[7]" classname="com.primes.PrintPrimesTest" time="0.001"/>
  <testcase name="testIsPrime_correctness(int, boolean)[8]" classname="com.primes.PrintPrimesTest" time="0.0"/>
  <testcase name="testIsPrime_correctness(int, boolean)[9]" classname="com.primes.PrintPrimesTest" time="0.0"/>
  <testcase name="testIsPrime_correctness(int, boolean)[10]" classname="com.primes.PrintPrimesTest" time="0.001"/>
  <testcase name="testIsPrime_correctness(int, boolean)[11]" classname="com.primes.PrintPrimesTest" time="0.001"/>
  <testcase name="testIsPrime_correctness(int, boolean)[12]" classname="com.primes.PrintPrimesTest" time="0.001"/>
  <testcase name="testIsPrime_correctness(int, boolean)[13]" classname="com.primes.PrintPrimesTest" time="0.0"/>
  <testcase name="testIsPrime_correctness(int, boolean)[14]" classname="com.primes.PrintPrimesTest" time="0.001"/>
  <testcase name="testIsPrime_correctness(int, boolean)[15]" classname="com.primes.PrintPrimesTest" time="0.001"/>
  <testcase name="testIsPrime_correctness(int, boolean)[16]" classname="com.primes.PrintPrimesTest" time="0.001"/>
  <testcase name="testIsPrime_correctness(int, boolean)[17]" classname="com.primes.PrintPrimesTest" time="0.001"/>
  <testcase name="testIsPrime_correctness(int, boolean)[18]" classname="com.primes.PrintPrimesTest" time="0.001"/>
</testsuite>