<?xml version="1.0" encoding="UTF-8"?>
<testsuite xmlns:xsi="http://www.w3.org/2001/XMLSchema-instance" xsi:noNamespaceSchemaLocation="https://maven.apache.org/surefire/maven-surefire-plugin/xsd/surefire-test-report-3.0.xsd" version="3.0" name="com.calculator.CalculatorTest$AdditionTests$DoubleAdditionNormal" time="0.008" tests="4" errors="0" skipped="0" failures="0">
  <properties>
[...]
</properties>
  <testcase name="testAddPositiveDoubles" classname="com.calculator.CalculatorTest$AdditionTests$DoubleAdditionNormal" time="0.001"/>
  <testcase name="testAddNegativeDoubles" classname="com.calculator.CalculatorTest$AdditionTests$DoubleAdditionNormal" time="0.001"/>
  <testcase name="testAddDoublesWithZero" classname="com.calculator.CalculatorTest$AdditionTests$DoubleAdditionNormal" time="0.001"/>
  <testcase name="testAddMixedDoubles" classname="com.calculator.CalculatorTest$AdditionTests$DoubleAdditionNormal" time="0.001"/>
</testsuite>