<?xml version="1.0" encoding="UTF-8"?>
<testsuite xmlns:xsi="http://www.w3.org/2001/XMLSchema-instance" xsi:noNamespaceSchemaLocation="https://maven.apache.org/surefire/maven-surefire-plugin/xsd/surefire-test-report-3.0.xsd" version="3.0" name="com.calculator.CalculatorTest" time="0.35" tests="16" errors="0" skipped="0" failures="0">
  <properties>
[...]
</properties>
  <testcase name="testBoundaryValues" classname="com.calculator.CalculatorTest" time="0.081"/>
  <testcase name="testAddDoubles" classname="com.calculator.CalculatorTest" time="0.002"/>
  <testcase name="testAddInfiniteDoubles" classname="com.calculator.CalculatorTest" time="0.004"/>
  <testcase name="testMultiplyNaNDoubles" classname="com.calculator.CalculatorTest" time="0"/>
  <testcase name="testMultiplyIntegers" classname="com.calculator.CalculatorTest" time="0"/>
  <testcase name="testParameterizedAddition(int, int, int)[1]" classname="com.calculator.CalculatorTest" time="0.034"/>
  <testcase name="testParameterizedAddition(int, int, int)[2]" classname="com.calculator.CalculatorTest" time="0.002"/>
  <testcase name="testParameterizedAddition(int, int, int)[3]" classname="com.calculator.CalculatorTest" time="0.002"/>
  <testcase name="testParameterizedAddition(int, int, int)[4]" classname="com.calculator.CalculatorTest" time="0.002"/>
  <testcase name="testMultiplyDoubles" classname="com.calculator.CalculatorTest" time="0"/>
  <testcase name="testAddNaNDoubles" classname="com.calculator.CalculatorTest" time="0.009"/>
  <testcase name="testIntegerMultiplicationOverflow" classname="com.calculator.CalculatorTest" time="0.007"/>
  <testcase name="testIntegerAdditionOverflow" classname="com.calculator.CalculatorTest" time="0.016"/>
  <testcase name="testIntegerAdditionUnderflow" classname="com.calculator.CalculatorTest" time="0.003"/>
  <testcase name="testAddPositiveIntegers" classname="com.calculator.CalculatorTest" time="0"/>
  <testcase name="testDoubleInfinityMultiplication" classname="com.calculator.CalculatorTest" time="0.008"/>
</testsuite>